<?xml version="1.0" encoding="UTF-8"?>
<!-- Generated by org.testng.reporters.JUnitReportReporter -->
<testsuite hostname="DESKTOP-4U1R24V" failures="0" tests="4" name="com.example.testing2.Day_7_2$Calculator" time="0.016" errors="0" timestamp="2023-06-02T12:42:19 IST" skipped="0">
  <testcase classname="com.example.testing2.Day_7_2$Calculator" name="add" time="0.014"/>
  <system-out/>
  <testcase classname="com.example.testing2.Day_7_2$Calculator" name="subtract" time="0.002"/>
  <system-out/>
  <testcase classname="com.example.testing2.Day_7_2$Calculator" name="multiply" time="0.000"/>
  <system-out/>
  <testcase classname="com.example.testing2.Day_7_2$Calculator" name="div" time="0.000"/>
  <system-out/>
</testsuite> <!-- com.example.testing2.Day_7_2$Calculator -->
