<?xml version="1.0" encoding="UTF-8"?>
<!-- Generated by org.testng.reporters.JUnitReportReporter -->
<testsuite hostname="DESKTOP-4U1R24V" failures="0" tests="3" name="com.example.testing9.ParallelTesting" time="0.013" errors="0" timestamp="5 Jun 2023 06:41:01 GMT">
  <testcase classname="com.example.testing9.ParallelTesting" name="TC_001" time="0.012"/>
  <testcase classname="com.example.testing9.ParallelTesting" name="TC_002" time="0.001"/>
  <testcase classname="com.example.testing9.ParallelTesting" name="TC_003" time="0.000"/>
</testsuite> <!-- com.example.testing9.ParallelTesting -->
